INFO: [HLS 200-10] Running 'C:/Xilinx/Vivado/2018.2/bin/unwrapped/win64.o/vivado_hls.exe'
INFO: [HLS 200-10] For user 'Dell' on host 'desktop-6o8jp1s' (Windows NT_amd64 version 6.2) on Tue Feb 17 23:18:34 +0530 2026
INFO: [HLS 200-10] In directory 'C:/Users/Dell/Desktop/brain_tumor_fpga_project'
INFO: [HLS 200-10] Opening project 'C:/Users/Dell/Desktop/brain_tumor_fpga_project/cnn_conv_accelerator'.
INFO: [HLS 200-10] Opening solution 'C:/Users/Dell/Desktop/brain_tumor_fpga_project/cnn_conv_accelerator/solution1'.
INFO: [SYN 201-201] Setting up clock 'default' with a period of 10ns.
INFO: [HLS 200-10] Setting target device to 'xa7a12tcsg325-1q'
INFO: [IMPL 213-8] Exporting RTL as a Vivado IP.

****** Vivado v2018.2 (64-bit)
  **** SW Build 2258646 on Thu Jun 14 20:03:12 MDT 2018
  **** IP Build 2256618 on Thu Jun 14 22:10:49 MDT 2018
    ** Copyright 1986-2018 Xilinx, Inc. All Rights Reserved.

source run_ippack.tcl -notrace
bad lexical cast: source type value could not be interpreted as target
    while executing
"rdi::set_property core_revision 2602172318 {component component_1}"
    invoked from within
"set_property core_revision $Revision $core"
    (file "run_ippack.tcl" line 1072)
INFO: [Common 17-206] Exiting Vivado at Tue Feb 17 23:18:55 2026...
ERROR: [IMPL 213-28] Failed to generate IP.
command 'ap_source' returned error code
    while executing
"source C:/Users/Dell/Desktop/brain_tumor_fpga_project/cnn_conv_accelerator/solution1/export.tcl"
    invoked from within
"hls::main C:/Users/Dell/Desktop/brain_tumor_fpga_project/cnn_conv_accelerator/solution1/export.tcl"
    ("uplevel" body line 1)
    invoked from within
"uplevel 1 hls::main {*}$args"
    (procedure "hls_proc" line 5)
    invoked from within
"hls_proc $argv"
